\BOOKMARK [1][-]{section.1}{\376\377\000E\000i\000n\000l\000e\000i\000t\000u\000n\000g}{}% 1
\BOOKMARK [2][-]{subsection.1.1}{\376\377\000M\000o\000t\000i\000v\000a\000t\000i\000o\000n}{section.1}% 2
\BOOKMARK [2][-]{subsection.1.2}{\376\377\000A\000u\000f\000g\000a\000b\000e\000n\000s\000t\000e\000l\000l\000u\000n\000g}{section.1}% 3
\BOOKMARK [2][-]{subsection.1.3}{\376\377\000A\000u\000f\000b\000a\000u\000\040\000d\000e\000r\000\040\000A\000r\000b\000e\000i\000t}{section.1}% 4
\BOOKMARK [1][-]{section.2}{\376\377\000G\000r\000u\000n\000d\000l\000a\000g\000e\000n}{}% 5
\BOOKMARK [2][-]{subsection.2.1}{\376\377\000U\000n\000t\000e\000r\000n\000e\000h\000m\000e\000n\000s\000e\000i\000n\000f\000\374\000h\000r\000u\000n\000g\000\040\000i\000n\000\040\000C\000a\000p\000g\000e\000m\000i\000n\000i}{section.2}% 6
\BOOKMARK [3][-]{subsubsection.2.1.1}{\376\377\000S\000t\000r\000u\000k\000t\000u\000r\000\040\000u\000n\000d\000\040\000O\000r\000g\000a\000n\000i\000s\000a\000t\000i\000o\000n\000\040\000i\000n\000\040\000D\000e\000u\000t\000s\000c\000h\000l\000a\000n\000d}{subsection.2.1}% 7
\BOOKMARK [2][-]{subsection.2.2}{\376\377\000D\000e\000f\000i\000n\000i\000t\000i\000o\000n\000\040\000d\000e\000s\000\040\000E\000n\000d\000-\0002\000-\000E\000n\000d\000-\000P\000r\000o\000z\000e\000s\000s\000e\000s}{section.2}% 8
\BOOKMARK [3][-]{subsubsection.2.2.1}{\376\377\000\334\000b\000e\000r\000b\000l\000i\000c\000k\000\040\000d\000e\000s\000\040\000a\000l\000l\000g\000e\000m\000e\000i\000n\000e\000n\000\040\000E\000n\000d\000-\0002\000-\000E\000n\000d\000-\000P\000r\000o\000z\000e\000s\000s\000e\000s}{subsection.2.2}% 9
\BOOKMARK [3][-]{subsubsection.2.2.2}{\376\377\000E\000n\000d\000-\0002\000-\000E\000n\000d\000-\000P\000r\000o\000z\000e\000s\000s\000\040\000b\000e\000i\000\040\000C\000a\000p\000g\000e\000m\000i\000n\000i}{subsection.2.2}% 10
\BOOKMARK [2][-]{subsection.2.3}{\376\377\000P\000L\000M\000-\000S\000y\000s\000t\000e\000m\000e}{section.2}% 11
\BOOKMARK [3][-]{subsubsection.2.3.1}{\376\377\000A\000l\000l\000g\000e\000m\000e\000i\000n\000e\000\040\000\334\000b\000e\000r\000s\000i\000c\000h\000t\000\040\000d\000e\000r\000\040\000P\000L\000M\000-\000S\000y\000s\000t\000e\000m\000e}{subsection.2.3}% 12
\BOOKMARK [3][-]{subsubsection.2.3.2}{\376\377\000V\000o\000r\000s\000t\000e\000l\000l\000u\000n\000g\000\040\000v\000o\000n\000\040\000v\000e\000r\000s\000c\000h\000i\000e\000d\000e\000n\000e\000n\000\040\000V\000e\000n\000d\000o\000r\000e\000n}{subsection.2.3}% 13
\BOOKMARK [1][-]{section.3}{\376\377\000P\000h\000a\000s\000e\000\040\0001\000:\000\040\000K\000u\000n\000d\000e\000n\000e\000r\000w\000e\000r\000b\000u\000n\000g}{}% 14
\BOOKMARK [2][-]{subsection.3.1}{\376\377\000A\000u\000s\000g\000a\000n\000g\000s\000l\000a\000g\000e\000\040\000u\000n\000d\000\040\000A\000u\000f\000g\000a\000b\000e\000n\000s\000t\000a\000l\000l\000u\000n\000g}{section.3}% 15
\BOOKMARK [2][-]{subsection.3.2}{\376\377\000A\000n\000f\000o\000r\000d\000e\000r\000u\000n\000g\000e\000n\000\040\000f\000\374\000r\000\040\000d\000i\000e\000\040\000E\000r\000s\000t\000e\000l\000l\000u\000n\000g\000\040\000d\000e\000r\000\040\000D\000e\000m\000o\000n\000s\000t\000r\000a\000t\000o\000r\000e\000n\000\374\000b\000e\000r\000s\000i\000c\000h\000t}{section.3}% 16
\BOOKMARK [2][-]{subsection.3.3}{\376\377\000T\000o\000o\000l\000s\000-\000A\000n\000a\000l\000y\000s\000e}{section.3}% 17
\BOOKMARK [2][-]{subsection.3.4}{\376\377\000E\000r\000s\000t\000e\000l\000l\000u\000n\000g\000\040\000d\000e\000r\000\040\000D\000e\000m\000o\000n\000s\000t\000r\000a\000t\000o\000r\000e\000n\000\374\000b\000e\000r\000s\000i\000c\000h\000t}{section.3}% 18
\BOOKMARK [1][-]{section.4}{\376\377\000P\000h\000a\000s\000e\000\040\0002\000:\000\040\000D\000e\000f\000i\000n\000i\000t\000i\000o\000n}{}% 19
\BOOKMARK [1][-]{section.5}{\376\377\000P\000h\000a\000s\000e\000\040\0003\000:\000\040\000P\000l\000a\000n\000u\000n\000g}{}% 20
\BOOKMARK [2][-]{subsection.5.1}{\376\377\000A\000u\000s\000g\000a\000n\000g\000s\000l\000a\000g\000e\000\040\000u\000n\000d\000\040\000A\000u\000f\000g\000a\000b\000e\000n\000s\000t\000e\000l\000l\000u\000n\000g}{section.5}% 21
\BOOKMARK [2][-]{subsection.5.2}{\376\377\000A\000n\000f\000o\000r\000d\000e\000r\000u\000n\000g\000e\000n\000\040\000f\000\374\000r\000\040\000d\000a\000s\000\040\000R\000e\000p\000o\000r\000t\000i\000n\000g}{section.5}% 22
\BOOKMARK [2][-]{subsection.5.3}{\376\377\000U\000m\000s\000e\000t\000z\000u\000n\000g\000\040\000d\000e\000s\000\040\000B\000e\000r\000i\000c\000h\000t\000s\000w\000e\000s\000e\000n\000.\000.\000.}{section.5}% 23
\BOOKMARK [1][-]{section.6}{\376\377\000P\000h\000a\000s\000e\000\040\0004\000:\000\040\000S\000t\000a\000r\000t}{}% 24
\BOOKMARK [1][-]{section.7}{\376\377\000P\000h\000a\000s\000e\000\040\0005\000:\000\040\000I\000m\000p\000l\000e\000m\000e\000n\000t\000i\000e\000r\000u\000n\000g\000s\000p\000h\000a\000s\000e}{}% 25
\BOOKMARK [1][-]{section.8}{\376\377\000P\000h\000a\000s\000e\000\040\0006\000:\000\040\000C\000l\000o\000s\000u\000r\000e}{}% 26
\BOOKMARK [1][-]{section.9}{\376\377\000A\000u\000s\000w\000e\000r\000t\000u\000n\000g}{}% 27
\BOOKMARK [2][-]{subsection.9.1}{\376\377\000V\000a\000l\000i\000d\000i\000e\000r\000u\000n\000g\000\040\000d\000e\000r\000\040\000A\000n\000f\000o\000r\000d\000e\000r\000u\000n\000g}{section.9}% 28
\BOOKMARK [1][-]{section.10}{\376\377\000E\000r\000g\000e\000b\000n\000i\000s\000s\000e\000\040\000u\000n\000d\000\040\000D\000i\000s\000k\000u\000s\000s\000i\000o\000n}{}% 29
\BOOKMARK [1][-]{section.11}{\376\377\000A\000u\000s\000b\000l\000i\000c\000k}{}% 30
\BOOKMARK [1][-]{section.12}{\376\377\000A\000n\000h\000a\000n\000g}{}% 31
